# JRE version: OpenJDK Runtime Environment (8.0_152-b06) (build 1.8.0_152-release-1136-b06)
# Java VM: OpenJDK 64-Bit Server VM (25.152-b06 mixed mode windows-amd64 compressed oops)
Heap:
 PSYoungGen      total 408576K, used 210686K [0x00000000e0000000, 0x0000000100000000, 0x0000000100000000)
  eden space 305152K, 53% used [0x00000000e0000000,0x00000000e9e52f68,0x00000000f2a00000)
  from space 103424K, 46% used [0x00000000f2a00000,0x00000000f596c8b0,0x00000000f8f00000)
  to   space 100352K, 0% used [0x00000000f9e00000,0x00000000f9e00000,0x0000000100000000)
 ParOldGen       total 291328K, used 101926K [0x00000000a0000000, 0x00000000b1c80000, 0x00000000e0000000)
  object space 291328K, 34% used [0x00000000a0000000,0x00000000a6389850,0x00000000b1c80000)
 Metaspace       used 110194K, capacity 118536K, committed 118784K, reserved 1153024K
  class space    used 13537K, capacity 15097K, committed 15104K, reserved 1048576K
GC Heap History (10 events):
Event: 4665.480 GC heap before
{Heap before GC invocations=41 (full 4):
 PSYoungGen      total 419840K, used 379385K [0x00000000e0000000, 0x0000000100000000, 0x0000000100000000)
  eden space 315392K, 99% used [0x00000000e0000000,0x00000000f330aba0,0x00000000f3400000)
  from space 104448K, 62% used [0x00000000f9a00000,0x00000000fd973b28,0x0000000100000000)
  to   space 104448K, 0% used [0x00000000f3400000,0x00000000f3400000,0x00000000f9a00000)
 ParOldGen       total 291328K, used 92751K [0x00000000a0000000, 0x00000000b1c80000, 0x00000000e0000000)
  object space 291328K, 31% used [0x00000000a0000000,0x00000000a5a93c78,0x00000000b1c80000)
 Metaspace       used 108623K, capacity 116334K, committed 116480K, reserved 1150976K
  class space    used 13354K, capacity 14797K, committed 14848K, reserved 1048576K
Event: 4665.685 GC heap after
Heap after GC invocations=41 (full 4):
 PSYoungGen      total 379392K, used 63897K [0x00000000e0000000, 0x00000000ffd00000, 0x0000000100000000)
  eden space 315392K, 0% used [0x00000000e0000000,0x00000000e0000000,0x00000000f3400000)
  from space 64000K, 99% used [0x00000000f3400000,0x00000000f72666c8,0x00000000f7280000)
  to   space 102912K, 0% used [0x00000000f9880000,0x00000000f9880000,0x00000000ffd00000)
 ParOldGen       total 291328K, used 92799K [0x00000000a0000000, 0x00000000b1c80000, 0x00000000e0000000)
  object space 291328K, 31% used [0x00000000a0000000,0x00000000a5a9fc78,0x00000000b1c80000)
 Metaspace       used 108623K, capacity 116334K, committed 116480K, reserved 1150976K
  class space    used 13354K, capacity 14797K, committed 14848K, reserved 1048576K
}
Event: 4670.926 GC heap before
{Heap before GC invocations=42 (full 4):
 PSYoungGen      total 379392K, used 379289K [0x00000000e0000000, 0x00000000ffd00000, 0x0000000100000000)
  eden space 315392K, 100% used [0x00000000e0000000,0x00000000f3400000,0x00000000f3400000)
  from space 64000K, 99% used [0x00000000f3400000,0x00000000f72666c8,0x00000000f7280000)
  to   space 102912K, 0% used [0x00000000f9880000,0x00000000f9880000,0x00000000ffd00000)
 ParOldGen       total 291328K, used 92799K [0x00000000a0000000, 0x00000000b1c80000, 0x00000000e0000000)
  object space 291328K, 31% used [0x00000000a0000000,0x00000000a5a9fc78,0x00000000b1c80000)
 Metaspace       used 108712K, capacity 116398K, committed 116480K, reserved 1150976K
  class space    used 13357K, capacity 14797K, committed 14848K, reserved 1048576K
Event: 4671.098 GC heap after
Heap after GC invocations=42 (full 4):
 PSYoungGen      total 403968K, used 90412K [0x00000000e0000000, 0x0000000100000000, 0x0000000100000000)
  eden space 301056K, 0% used [0x00000000e0000000,0x00000000e0000000,0x00000000f2600000)
  from space 102912K, 87% used [0x00000000f9880000,0x00000000ff0cb110,0x00000000ffd00000)
  to   space 111616K, 0% used [0x00000000f2600000,0x00000000f2600000,0x00000000f9300000)
 ParOldGen       total 291328K, used 92887K [0x00000000a0000000, 0x00000000b1c80000, 0x00000000e0000000)
  object space 291328K, 31% used [0x00000000a0000000,0x00000000a5ab5c78,0x00000000b1c80000)
 Metaspace       used 108712K, capacity 116398K, committed 116480K, reserved 1150976K
  class space    used 13357K, capacity 14797K, committed 14848K, reserved 1048576K
}
Event: 4677.371 GC heap before
{Heap before GC invocations=43 (full 4):
 PSYoungGen      total 403968K, used 391049K [0x00000000e0000000, 0x0000000100000000, 0x0000000100000000)
  eden space 301056K, 99% used [0x00000000e0000000,0x00000000f25976d0,0x00000000f2600000)
  from space 102912K, 87% used [0x00000000f9880000,0x00000000ff0cb110,0x00000000ffd00000)
  to   space 111616K, 0% used [0x00000000f2600000,0x00000000f2600000,0x00000000f9300000)
 ParOldGen       total 291328K, used 92887K [0x00000000a0000000, 0x00000000b1c80000, 0x00000000e0000000)
  object space 291328K, 31% used [0x00000000a0000000,0x00000000a5ab5c78,0x00000000b1c80000)
 Metaspace       used 108755K, capacity 116410K, committed 116480K, reserved 1150976K
  class space    used 13357K, capacity 14797K, committed 14848K, reserved 1048576K
Event: 4677.542 GC heap after
Heap after GC invocations=43 (full 4):
 PSYoungGen      total 412672K, used 61892K [0x00000000e0000000, 0x0000000100000000, 0x0000000100000000)
  eden space 301056K, 0% used [0x00000000e0000000,0x00000000e0000000,0x00000000f2600000)
  from space 111616K, 55% used [0x00000000f2600000,0x00000000f6271160,0x00000000f9300000)
  to   space 107520K, 0% used [0x00000000f9700000,0x00000000f9700000,0x0000000100000000)
 ParOldGen       total 291328K, used 99230K [0x00000000a0000000, 0x00000000b1c80000, 0x00000000e0000000)
  object space 291328K, 34% used [0x00000000a0000000,0x00000000a60e7878,0x00000000b1c80000)
 Metaspace       used 108755K, capacity 116410K, committed 116480K, reserved 1150976K
  class space    used 13357K, capacity 14797K, committed 14848K, reserved 1048576K
}
Event: 5386.641 GC heap before
{Heap before GC invocations=44 (full 4):
 PSYoungGen      total 412672K, used 362948K [0x00000000e0000000, 0x0000000100000000, 0x0000000100000000)
  eden space 301056K, 100% used [0x00000000e0000000,0x00000000f2600000,0x00000000f2600000)
  from space 111616K, 55% used [0x00000000f2600000,0x00000000f6271160,0x00000000f9300000)
  to   space 107520K, 0% used [0x00000000f9700000,0x00000000f9700000,0x0000000100000000)
 ParOldGen       total 291328K, used 99230K [0x00000000a0000000, 0x00000000b1c80000, 0x00000000e0000000)
  object space 291328K, 34% used [0x00000000a0000000,0x00000000a60e7878,0x00000000b1c80000)
 Metaspace       used 108991K, capacity 116854K, committed 117120K, reserved 1150976K
  class space    used 13385K, capacity 14861K, committed 14976K, reserved 1048576K
Event: 5386.799 GC heap after
Heap after GC invocations=44 (full 4):
 PSYoungGen      total 400384K, used 59583K [0x00000000e0000000, 0x00000000ff400000, 0x0000000100000000)
  eden space 305152K, 0% used [0x00000000e0000000,0x00000000e0000000,0x00000000f2a00000)
  from space 95232K, 62% used [0x00000000f9700000,0x00000000fd12feb8,0x00000000ff400000)
  to   space 103424K, 0% used [0x00000000f2a00000,0x00000000f2a00000,0x00000000f8f00000)
 ParOldGen       total 291328K, used 100742K [0x00000000a0000000, 0x00000000b1c80000, 0x00000000e0000000)
  object space 291328K, 34% used [0x00000000a0000000,0x00000000a6261820,0x00000000b1c80000)
 Metaspace       used 108991K, capacity 116854K, committed 117120K, reserved 1150976K
  class space    used 13385K, capacity 14861K, committed 14976K, reserved 1048576K
}
Event: 5821.615 GC heap before
{Heap before GC invocations=45 (full 4):
 PSYoungGen      total 400384K, used 364735K [0x00000000e0000000, 0x00000000ff400000, 0x0000000100000000)
  eden space 305152K, 100% used [0x00000000e0000000,0x00000000f2a00000,0x00000000f2a00000)
  from space 95232K, 62% used [0x00000000f9700000,0x00000000fd12feb8,0x00000000ff400000)
  to   space 103424K, 0% used [0x00000000f2a00000,0x00000000f2a00000,0x00000000f8f00000)
 ParOldGen       total 291328K, used 100742K [0x00000000a0000000, 0x00000000b1c80000, 0x00000000e0000000)
  object space 291328K, 34% used [0x00000000a0000000,0x00000000a6261820,0x00000000b1c80000)
 Metaspace       used 109547K, capacity 117552K, committed 117632K, reserved 1153024K
  class space    used 13459K, capacity 14924K, committed 14976K, reserved 1048576K
Event: 5821.982 GC heap after
Heap after GC invocations=45 (full 4):
 PSYoungGen      total 408576K, used 48562K [0x00000000e0000000, 0x0000000100000000, 0x0000000100000000)
  eden space 305152K, 0% used [0x00000000e0000000,0x00000000e0000000,0x00000000f2a00000)
  from space 103424K, 46% used [0x00000000f2a00000,0x00000000f596c8b0,0x00000000f8f00000)
  to   space 100352K, 0% used [0x00000000f9e00000,0x00000000f9e00000,0x0000000100000000)
 ParOldGen       total 291328K, used 101926K [0x00000000a0000000, 0x00000000b1c80000, 0x00000000e0000000)
  object space 291328K, 34% used [0x00000000a0000000,0x00000000a6389850,0x00000000b1c80000)
 Metaspace       used 109547K, capacity 117552K, committed 117632K, reserved 1153024K
  class space    used 13459K, capacity 14924K, committed 14976K, reserved 1048576K
}

